2021-08-24 00:44:40,636 - main.py - INFO - test1.txt File Not Exists
2021-08-24 02:35:00,538 - main.py - INFO - test1.txt File Not Exists
2021-09-11 01:48:12,516 - main.py - INFO - Error'str' object has no attribute 'exists'
2021-09-11 01:51:21,017 - main.py - INFO - Error'str' object has no attribute 'exists'
2021-09-11 01:51:25,112 - main.py - INFO - Error'str' object has no attribute 'exists'
2021-09-11 01:52:26,716 - main.py - INFO - Error'str' object has no attribute 'exists'
2021-09-11 01:53:52,755 - main.py - INFO - Error'str' object has no attribute 'exists'
2021-09-11 01:54:54,353 - main.py - INFO - Path Exists
2021-09-11 01:54:54,354 - main.py - INFO - Erroropen() takes 1 positional argument but 2 were given
2021-09-11 01:55:43,816 - main.py - INFO - Path Exists
2021-09-11 01:55:43,816 - main.py - INFO - Erroropen() takes 1 positional argument but 2 were given
2021-09-11 01:55:46,172 - main.py - INFO - Path Exists
2021-09-11 01:55:46,173 - main.py - INFO - Erroropen() takes 1 positional argument but 2 were given
2021-09-11 01:56:38,359 - main.py - INFO - content/pratap.txt
2021-09-11 01:56:38,361 - main.py - INFO - Path Exists
2021-09-11 01:56:38,362 - main.py - INFO - Erroropen() takes 1 positional argument but 2 were given
2021-09-11 02:10:53,504 - main.py - INFO - content/pratap.txt.txt
2021-09-11 02:10:53,505 - main.py - INFO - Errorname 'filepath' is not defined
2021-09-11 02:10:58,024 - main.py - INFO - content/pratap.txt
2021-09-11 02:10:58,026 - main.py - INFO - Errorname 'filepath' is not defined
2021-09-11 02:12:18,923 - main.py - INFO - pratap
2021-09-11 02:12:18,924 - main.py - INFO - content/pratap.txt
2021-09-11 02:12:18,924 - main.py - INFO - Errorname 'filepath' is not defined
2021-09-11 02:12:51,226 - main.py - INFO - pratap
2021-09-11 02:12:51,227 - main.py - INFO - content/pratap.txt
2021-09-11 02:12:51,228 - main.py - INFO - Path Exists
2021-09-11 02:12:51,229 - main.py - INFO - Erroropen() takes 1 positional argument but 2 were given
2021-09-11 02:12:53,618 - main.py - INFO - pratap
2021-09-11 02:12:53,619 - main.py - INFO - content/pratap.txt
2021-09-11 02:12:53,619 - main.py - INFO - Path Exists
2021-09-11 02:12:53,620 - main.py - INFO - Erroropen() takes 1 positional argument but 2 were given
2021-09-11 02:14:07,938 - main.py - INFO - pratap
2021-09-11 02:14:07,939 - main.py - INFO - content/pratap.txt
2021-09-11 02:14:07,940 - main.py - INFO - Path Exists
2021-09-11 02:14:07,940 - main.py - INFO - Erroropen() takes 1 positional argument but 2 were given
2021-09-11 02:20:15,304 - main.py - INFO - content/pratap.txt
2021-09-11 02:20:18,526 - main.py - INFO - content/pratap.txt
2021-09-11 02:54:08,538 - main.py - INFO - sample.pdf File Downloaded
2021-09-11 02:58:32,405 - main.py - INFO - C:\My-Projects-Sumanth\realestate/content/pratap.txt
2021-09-11 03:00:37,075 - main.py - INFO - C:\My-Projects-Sumanth\realestate\content\pratap.txt
2021-09-11 03:02:54,752 - main.py - INFO - C:\My-Projects-Sumanth\realestate\content\pratap.txt
2021-09-11 03:03:05,069 - main.py - INFO - C:\My-Projects-Sumanth\realestate\content\pratap.txt
2021-09-11 03:03:45,739 - main.py - INFO - C:\My-Projects-Sumanth\realestate\content\pratap.txt
2021-09-11 03:03:49,131 - main.py - INFO - C:\My-Projects-Sumanth\realestate\content\pratap.txt
2021-09-11 03:04:25,970 - main.py - INFO - C:\My-Projects-Sumanth\realestate\content\pratap.txt
2021-09-11 03:06:57,822 - main.py - INFO - C:\My-Projects-Sumanth\realestate\content\pratap.txt
2021-09-11 03:06:57,823 - main.py - INFO - C:\My-Projects-Sumanth\realestate\templates\content.html
2021-09-11 03:09:26,177 - main.py - INFO - C:\My-Projects-Sumanth\realestate\content\pratap.txt
2021-09-11 03:10:09,628 - main.py - INFO - C:\My-Projects-Sumanth\realestate\content\pratap.txt
2021-09-11 03:16:27,581 - main.py - INFO - C:\My-Projects-Sumanth\realestate\content\pratap.txt
2021-09-11 03:16:35,457 - main.py - INFO - C:\My-Projects-Sumanth\realestate\content\pratap.txt
